#
# A fatal error has been detected by the Java Runtime Environment:
#
#  EXCEPTION_ACCESS_VIOLATION (0xc0000005) at pc=0x0000000066e1bad1, pid=5144, tid=0x0000000000000ea4
#
# JRE version: Java(TM) SE Runtime Environment (8.0_181-b13) (build 1.8.0_181-b13)
# Java VM: Java HotSpot(TM) 64-Bit Server VM (25.181-b13 mixed mode windows-amd64 compressed oops)
# Problematic frame:
# C  [sqlite-3.25.2-e76f0ed6-a548-46cd-898f-56f6d8d05e3c-sqlitejdbc.dll+0x1bad1]
#
# Failed to write core dump. Minidumps are not enabled by default on client versions of Windows
#
# If you would like to submit a bug report, please visit:
#   http://bugreport.java.com/bugreport/crash.jsp
# The crash happened outside the Java Virtual Machine in native code.
# See problematic frame for where to report the bug.
#

---------------  T H R E A D  ---------------

Current thread (0x000000001c024000):  JavaThread "Thread-5" [_thread_in_native, id=3748, stack(0x000000001e330000,0x000000001e430000)]

siginfo: ExceptionCode=0xc0000005, reading address 0x000000001c6f9058

Registers:
RAX=0x0000000066e02c60, RBX=0x0000000000000000, RCX=0x000000001c6f9058, RDX=0x0000000000000000
RSP=0x000000001e42efb0, RBP=0x000000001e42f0c8, RSI=0x000000001c6f9058, RDI=0x00000000d7a09080
R8 =0x000000001c6f9058, R9 =0x0000000000000000, R10=0x00000000025e97af, R11=0x000000005136c6a0
R12=0x0000000000000000, R13=0x000000001e1f69e0, R14=0x000000001e42f100, R15=0x000000001c024000
RIP=0x0000000066e1bad1, EFLAGS=0x0000000000010202

Top of Stack: (sp=0x000000001e42efb0)
0x000000001e42efb0:   000000001e42f078 000000005137de1f
0x000000001e42efc0:   000000001c024000 000000001e42f0c8
0x000000001e42efd0:   000000001c024000 000000001c6f9058
0x000000001e42efe0:   0000000000000000 0000000066e1ff8e
0x000000001e42eff0:   000000001bd7d168 000000001c024000
0x000000001e42f000:   0000000000000000 000000001dc97ac8
0x000000001e42f010:   000000001bde3c60 000000001e1f69e0
0x000000001e42f020:   0000000000000000 00000000025e97db
0x000000001e42f030:   000000001e42f030 000000001e2766f8
0x000000001e42f040:   00000000d7a09080 00000000025e9550
0x000000001e42f050:   000000001c024000 000000001e1f69e0
0x000000001e42f060:   0000000000000000 000000001e42f080
0x000000001e42f070:   00000000025e950a 0000000000000003
0x000000001e42f080:   00000000d5ca7ee8 000000001e42f078
0x000000001e42f090:   000000001e1f69e0 000000001e42f100
0x000000001e42f0a0:   000000001e2484f8 0000000000000000 

Instructions: (pc=0x0000000066e1bad1)
0x0000000066e1bab1:   c3 0f 1f 40 00 66 2e 0f 1f 84 00 00 00 00 00 56
0x0000000066e1bac1:   53 48 83 ec 28 48 85 c9 48 89 ce 48 63 da 74 71
0x0000000066e1bad1:   48 8b 01 48 8b 48 18 48 85 c9 74 06 ff 15 0d d0
0x0000000066e1bae1:   0b 00 48 8b 86 88 00 00 00 48 85 c0 74 31 0f b7 


Register to memory mapping:

RAX=0x0000000066e02c60 is an unknown value
RBX=0x0000000000000000 is an unknown value
RCX=0x000000001c6f9058 is an unknown value
RDX=0x0000000000000000 is an unknown value
RSP=0x000000001e42efb0 is pointing into the stack for thread: 0x000000001c024000
RBP=0x000000001e42f0c8 is pointing into the stack for thread: 0x000000001c024000
RSI=0x000000001c6f9058 is an unknown value
RDI=0x00000000d7a09080 is an oop
java.lang.Integer 
 - klass: 'java/lang/Integer'
R8 =0x000000001c6f9058 is an unknown value
R9 =0x0000000000000000 is an unknown value
R10=0x00000000025e97af is at code_begin+1295 in an Interpreter codelet
method entry point (kind = native_synchronized)  [0x00000000025e92a0, 0x00000000025e9e00]  2912 bytes
R11=0x000000005136c6a0 is an unknown value
R12=0x0000000000000000 is an unknown value
R13={method} {0x000000001e1f69e8} 'column_int' '(JI)I' in 'org/sqlite/core/NativeDB'
R14=0x000000001e42f100 is pointing into the stack for thread: 0x000000001c024000
R15=0x000000001c024000 is a thread


Stack: [0x000000001e330000,0x000000001e430000],  sp=0x000000001e42efb0,  free space=1019k
Native frames: (J=compiled Java code, j=interpreted, Vv=VM code, C=native code)
C  [sqlite-3.25.2-e76f0ed6-a548-46cd-898f-56f6d8d05e3c-sqlitejdbc.dll+0x1bad1]
C  [sqlite-3.25.2-e76f0ed6-a548-46cd-898f-56f6d8d05e3c-sqlitejdbc.dll+0x1ff8e]
C  0x00000000025e97db

Java frames: (J=compiled Java code, j=interpreted, Vv=VM code)
j  org.sqlite.core.NativeDB.column_int(JI)I+0
j  org.sqlite.jdbc3.JDBC3ResultSet.getInt(I)I+18
j  org.sqlite.jdbc3.JDBC3ResultSet.getInt(Ljava/lang/String;)I+6
j  DAO.HabitacionDAO.getHabitaciones(Lclases/Conexion;)Ljava/util/ArrayList;+80
j  hospedaje.HabitacionesController$1.call()Ljava/util/List;+29
j  hospedaje.HabitacionesController$1.call()Ljava/lang/Object;+1
j  javafx.concurrent.Task$TaskCallable.call()Ljava/lang/Object;+26
j  java.util.concurrent.FutureTask.run()V+42
j  java.lang.Thread.run()V+11
v  ~StubRoutines::call_stub

---------------  P R O C E S S  ---------------

Java Threads: ( => current thread )
=>0x000000001c024000 JavaThread "Thread-5" [_thread_in_native, id=3748, stack(0x000000001e330000,0x000000001e430000)]
  0x000000001bc82000 JavaThread "Prism Font Disposer" daemon [_thread_blocked, id=7480, stack(0x000000001d9d0000,0x000000001dad0000)]
  0x000000001bac6800 JavaThread "Thread-3" daemon [_thread_in_native, id=8816, stack(0x000000001c2b0000,0x000000001c3b0000)]
  0x000000001bad8000 JavaThread "JavaFX-Launcher" [_thread_blocked, id=9028, stack(0x000000001c3b0000,0x000000001c4b0000)]
  0x0000000018ec5800 JavaThread "JavaFX Application Thread" [_thread_in_vm, id=6064, stack(0x0000000019b10000,0x0000000019c10000)]
  0x0000000018e73800 JavaThread "Thread-1" daemon [_thread_blocked, id=5424, stack(0x0000000019960000,0x0000000019a60000)]
  0x0000000018e55000 JavaThread "QuantumRenderer-0" daemon [_thread_blocked, id=7920, stack(0x00000000193b0000,0x00000000194b0000)]
  0x0000000018b12800 JavaThread "Service Thread" daemon [_thread_blocked, id=8176, stack(0x0000000018ef0000,0x0000000018ff0000)]
  0x0000000017188800 JavaThread "C1 CompilerThread2" daemon [_thread_blocked, id=6840, stack(0x00000000189f0000,0x0000000018af0000)]
  0x0000000017182000 JavaThread "C2 CompilerThread1" daemon [_thread_blocked, id=4220, stack(0x00000000188f0000,0x00000000189f0000)]
  0x000000001717d800 JavaThread "C2 CompilerThread0" daemon [_thread_blocked, id=3488, stack(0x00000000187f0000,0x00000000188f0000)]
  0x000000001717c000 JavaThread "Attach Listener" daemon [_thread_blocked, id=2708, stack(0x00000000186f0000,0x00000000187f0000)]
  0x000000001717a800 JavaThread "Signal Dispatcher" daemon [_thread_blocked, id=7064, stack(0x00000000185f0000,0x00000000186f0000)]
  0x00000000025cb800 JavaThread "Finalizer" daemon [_thread_blocked, id=5780, stack(0x00000000183f0000,0x00000000184f0000)]
  0x00000000025c2000 JavaThread "Reference Handler" daemon [_thread_blocked, id=3028, stack(0x00000000182f0000,0x00000000183f0000)]
  0x00000000023ce800 JavaThread "main" [_thread_blocked, id=1800, stack(0x00000000023d0000,0x00000000024d0000)]

Other Threads:
  0x0000000017146800 VMThread [stack: 0x00000000181f0000,0x00000000182f0000] [id=3428]
  0x0000000018b2b800 WatcherThread [stack: 0x00000000190f0000,0x00000000191f0000] [id=5952]

VM state:not at safepoint (normal execution)

VM Mutex/Monitor currently owned by a thread: None

Heap:
 PSYoungGen      total 38400K, used 12264K [0x00000000d5980000, 0x00000000d8400000, 0x0000000100000000)
  eden space 33280K, 21% used [0x00000000d5980000,0x00000000d607e3a0,0x00000000d7a00000)
  from space 5120K, 99% used [0x00000000d7a00000,0x00000000d7efc030,0x00000000d7f00000)
  to   space 5120K, 0% used [0x00000000d7f00000,0x00000000d7f00000,0x00000000d8400000)
 ParOldGen       total 87552K, used 564K [0x0000000080c00000, 0x0000000086180000, 0x00000000d5980000)
  object space 87552K, 0% used [0x0000000080c00000,0x0000000080c8d018,0x0000000086180000)
 Metaspace       used 16669K, capacity 17344K, committed 17664K, reserved 1064960K
  class space    used 2287K, capacity 2452K, committed 2560K, reserved 1048576K

Card table byte_map: [0x0000000011990000,0x0000000011d90000] byte_map_base: 0x000000001158a000

Marking Bits: (ParMarkBitMap*) 0x0000000051962d00
 Begin Bits: [0x0000000012440000, 0x0000000014410000)
 End Bits:   [0x0000000014410000, 0x00000000163e0000)

Polling page: 0x0000000000620000

CodeCache: size=245760Kb used=4376Kb max_used=4376Kb free=241383Kb
 bounds [0x00000000025d0000, 0x0000000002a20000, 0x00000000115d0000]
 total_blobs=1815 nmethods=1239 adapters=488
 compilation: enabled

Compilation events (10 events):
Event: 1.494 Thread 0x0000000017188800 nmethod 1155 0x00000000029cd710 code [0x00000000029cd880, 0x00000000029cdaa8]
Event: 1.500 Thread 0x000000001717d800 nmethod 1154% 0x00000000029be890 code [0x00000000029bea00, 0x00000000029bf458]
Event: 1.536 Thread 0x0000000017188800 1157       3       java.io.BufferedInputStream::getInIfOpen (21 bytes)
Event: 1.536 Thread 0x0000000017188800 nmethod 1157 0x00000000029be410 code [0x00000000029be580, 0x00000000029be7c8]
Event: 1.536 Thread 0x0000000017188800 1156       3       java.io.BufferedInputStream::fill (233 bytes)
Event: 1.537 Thread 0x0000000017188800 nmethod 1156 0x00000000029e0b50 code [0x00000000029e0dc0, 0x00000000029e1cb8]
Event: 1.559 Thread 0x0000000017188800 1158       3       java.util.concurrent.atomic.AtomicBoolean::get (13 bytes)
Event: 1.559 Thread 0x0000000017188800 nmethod 1158 0x00000000029cef10 code [0x00000000029cf060, 0x00000000029cf210]
Event: 1.614 Thread 0x0000000017188800 1159       3       java.nio.ByteBuffer::arrayOffset (35 bytes)
Event: 1.615 Thread 0x0000000017188800 nmethod 1159 0x00000000029e0550 code [0x00000000029e06e0, 0x00000000029e09f8]

GC Heap History (2 events):
Event: 1.318 GC heap before
{Heap before GC invocations=1 (full 0):
 PSYoungGen      total 38400K, used 33280K [0x00000000d5980000, 0x00000000d8400000, 0x0000000100000000)
  eden space 33280K, 100% used [0x00000000d5980000,0x00000000d7a00000,0x00000000d7a00000)
  from space 5120K, 0% used [0x00000000d7f00000,0x00000000d7f00000,0x00000000d8400000)
  to   space 5120K, 0% used [0x00000000d7a00000,0x00000000d7a00000,0x00000000d7f00000)
 ParOldGen       total 87552K, used 0K [0x0000000080c00000, 0x0000000086180000, 0x00000000d5980000)
  object space 87552K, 0% used [0x0000000080c00000,0x0000000080c00000,0x0000000086180000)
 Metaspace       used 14391K, capacity 14992K, committed 15232K, reserved 1062912K
  class space    used 1962K, capacity 2106K, committed 2176K, reserved 1048576K
Event: 1.328 GC heap after
Heap after GC invocations=1 (full 0):
 PSYoungGen      total 38400K, used 5104K [0x00000000d5980000, 0x00000000d8400000, 0x0000000100000000)
  eden space 33280K, 0% used [0x00000000d5980000,0x00000000d5980000,0x00000000d7a00000)
  from space 5120K, 99% used [0x00000000d7a00000,0x00000000d7efc030,0x00000000d7f00000)
  to   space 5120K, 0% used [0x00000000d7f00000,0x00000000d7f00000,0x00000000d8400000)
 ParOldGen       total 87552K, used 564K [0x0000000080c00000, 0x0000000086180000, 0x00000000d5980000)
  object space 87552K, 0% used [0x0000000080c00000,0x0000000080c8d018,0x0000000086180000)
 Metaspace       used 14391K, capacity 14992K, committed 15232K, reserved 1062912K
  class space    used 1962K, capacity 2106K, committed 2176K, reserved 1048576K
}

Deoptimization events (10 events):
Event: 0.639 Thread 0x0000000018ec5800 Uncommon trap: reason=unstable_if action=reinterpret pc=0x00000000027d1340 method=java.lang.CharacterData.of(I)Ljava/lang/CharacterData; @ 4
Event: 0.755 Thread 0x0000000018ec5800 Uncommon trap: reason=unstable_if action=reinterpret pc=0x000000000288e638 method=java.lang.String.indexOf([CII[CIII)I @ 3
Event: 0.759 Thread 0x0000000018ec5800 Uncommon trap: reason=class_check action=maybe_recompile pc=0x00000000028cc100 method=java.util.HashMap.putVal(ILjava/lang/Object;Ljava/lang/Object;ZZ)Ljava/lang/Object; @ 253
Event: 0.759 Thread 0x0000000018ec5800 Uncommon trap: reason=class_check action=maybe_recompile pc=0x00000000028cc100 method=java.util.HashMap.putVal(ILjava/lang/Object;Ljava/lang/Object;ZZ)Ljava/lang/Object; @ 253
Event: 0.759 Thread 0x0000000018ec5800 Uncommon trap: reason=class_check action=maybe_recompile pc=0x00000000028cc100 method=java.util.HashMap.putVal(ILjava/lang/Object;Ljava/lang/Object;ZZ)Ljava/lang/Object; @ 253
Event: 0.759 Thread 0x0000000018ec5800 Uncommon trap: reason=class_check action=maybe_recompile pc=0x00000000028cc100 method=java.util.HashMap.putVal(ILjava/lang/Object;Ljava/lang/Object;ZZ)Ljava/lang/Object; @ 253
Event: 1.313 Thread 0x0000000018ec5800 Uncommon trap: reason=unstable_if action=reinterpret pc=0x00000000028d8bbc method=sun.net.www.ParseUtil.encodePath(Ljava/lang/String;Z)Ljava/lang/String; @ 109
Event: 1.344 Thread 0x0000000018ec5800 Uncommon trap: reason=unstable_if action=reinterpret pc=0x000000000282bcc4 method=java.lang.AbstractStringBuilder.append(Ljava/lang/String;)Ljava/lang/AbstractStringBuilder; @ 1
Event: 1.400 Thread 0x000000001c024000 Uncommon trap: reason=unstable_if action=reinterpret pc=0x0000000002964a68 method=java.lang.ref.SoftReference.get()Ljava/lang/Object; @ 17
Event: 1.546 Thread 0x000000001c024000 Uncommon trap: reason=unstable_if action=reinterpret pc=0x00000000029bf144 method=org.sqlite.SQLiteJDBCLoader.contentsEquals(Ljava/io/InputStream;Ljava/io/InputStream;)Z @ 39

Classes redefined (0 events):
No events

Internal exceptions (10 events):
Event: 0.586 Thread 0x0000000018ec5800 Exception <a 'java/lang/ArrayIndexOutOfBoundsException'> (0x00000000d6bc60f0) thrown at [C:\re\workspace\8-2-build-windows-amd64-cygwin\jdk8u181\11358\hotspot\src\share\vm\runtime\sharedRuntime.cpp, line 605]
Event: 0.589 Thread 0x0000000018ec5800 Exception <a 'java/lang/ArrayIndexOutOfBoundsException'> (0x00000000d6bd1308) thrown at [C:\re\workspace\8-2-build-windows-amd64-cygwin\jdk8u181\11358\hotspot\src\share\vm\runtime\sharedRuntime.cpp, line 605]
Event: 0.721 Thread 0x0000000018ec5800 Exception <a 'java/lang/ArrayIndexOutOfBoundsException'> (0x00000000d6fa3930) thrown at [C:\re\workspace\8-2-build-windows-amd64-cygwin\jdk8u181\11358\hotspot\src\share\vm\runtime\sharedRuntime.cpp, line 605]
Event: 1.055 Thread 0x0000000018ec5800 Exception <a 'java/lang/ArrayIndexOutOfBoundsException'> (0x00000000d728cba0) thrown at [C:\re\workspace\8-2-build-windows-amd64-cygwin\jdk8u181\11358\hotspot\src\share\vm\runtime\sharedRuntime.cpp, line 605]
Event: 1.103 Thread 0x0000000018ec5800 Exception <a 'java/lang/ArrayIndexOutOfBoundsException'> (0x00000000d7401050) thrown at [C:\re\workspace\8-2-build-windows-amd64-cygwin\jdk8u181\11358\hotspot\src\share\vm\runtime\sharedRuntime.cpp, line 605]
Event: 1.103 Thread 0x0000000018ec5800 Exception <a 'java/lang/ArrayIndexOutOfBoundsException'> (0x00000000d7402050) thrown at [C:\re\workspace\8-2-build-windows-amd64-cygwin\jdk8u181\11358\hotspot\src\share\vm\runtime\sharedRuntime.cpp, line 605]
Event: 1.103 Thread 0x0000000018ec5800 Exception <a 'java/lang/ArrayIndexOutOfBoundsException'> (0x00000000d74038c0) thrown at [C:\re\workspace\8-2-build-windows-amd64-cygwin\jdk8u181\11358\hotspot\src\share\vm\runtime\sharedRuntime.cpp, line 605]
Event: 1.162 Thread 0x0000000018ec5800 Exception <a 'java/lang/ArrayIndexOutOfBoundsException'> (0x00000000d75f0388) thrown at [C:\re\workspace\8-2-build-windows-amd64-cygwin\jdk8u181\11358\hotspot\src\share\vm\runtime\sharedRuntime.cpp, line 605]
Event: 1.165 Thread 0x0000000018ec5800 Exception <a 'java/lang/ArrayIndexOutOfBoundsException'> (0x00000000d7601678) thrown at [C:\re\workspace\8-2-build-windows-amd64-cygwin\jdk8u181\11358\hotspot\src\share\vm\runtime\sharedRuntime.cpp, line 605]
Event: 1.344 Thread 0x0000000018ec5800 Implicit null exception at 0x000000000282b916 to 0x000000000282bcad

Events (10 events):
Event: 1.614 loading class java/util/regex/Pattern$Dot
Event: 1.614 loading class java/util/regex/Pattern$Dot done
Event: 1.614 loading class java/util/regex/Pattern$SliceS
Event: 1.614 loading class java/util/regex/Pattern$SliceS done
Event: 1.614 loading class java/util/Hashtable$KeySet
Event: 1.614 loading class java/util/Hashtable$KeySet done
Event: 1.616 loading class model/Hotel
Event: 1.616 loading class model/Hotel done
Event: 1.617 loading class model/Habitacion
Event: 1.617 loading class model/Habitacion done


Dynamic libraries:
0x00007ff64e8a0000 - 0x00007ff64e8d7000 	C:\Program Files\Java\jdk1.8.0_181\jre\bin\java.exe
0x00007ff88b0d0000 - 0x00007ff88b292000 	C:\Windows\SYSTEM32\ntdll.dll
0x00007ff888cb0000 - 0x00007ff888d5d000 	C:\Windows\system32\KERNEL32.DLL
0x00007ff888510000 - 0x00007ff8886ed000 	C:\Windows\system32\KERNELBASE.dll
0x00007ff888ea0000 - 0x00007ff888f46000 	C:\Windows\system32\ADVAPI32.dll
0x00007ff88b030000 - 0x00007ff88b0cd000 	C:\Windows\system32\msvcrt.dll
0x00007ff888940000 - 0x00007ff88899b000 	C:\Windows\system32\sechost.dll
0x00007ff888d60000 - 0x00007ff888e86000 	C:\Windows\system32\RPCRT4.dll
0x00007ff888fa0000 - 0x00007ff8890ee000 	C:\Windows\system32\USER32.dll
0x00007ff8890f0000 - 0x00007ff889275000 	C:\Windows\system32\GDI32.dll
0x00007ff87ce60000 - 0x00007ff87d0d4000 	C:\Windows\WinSxS\amd64_microsoft.windows.common-controls_6595b64144ccf1df_6.0.10240.16384_none_f41f7b285750ef43\COMCTL32.dll
0x00007ff888f60000 - 0x00007ff888f96000 	C:\Windows\system32\IMM32.DLL
0x00007ff889670000 - 0x00007ff8897cc000 	C:\Windows\system32\MSCTF.dll
0x0000000051060000 - 0x0000000051132000 	C:\Program Files\Java\jdk1.8.0_181\jre\bin\msvcr100.dll
0x0000000051140000 - 0x00000000519e2000 	C:\Program Files\Java\jdk1.8.0_181\jre\bin\server\jvm.dll
0x00007ff888f50000 - 0x00007ff888f58000 	C:\Windows\system32\PSAPI.DLL
0x00007ff87cdc0000 - 0x00007ff87cdc9000 	C:\Windows\SYSTEM32\WSOCK32.dll
0x00007ff87b7a0000 - 0x00007ff87b7c3000 	C:\Windows\SYSTEM32\WINMM.dll
0x00007ff87b2a0000 - 0x00007ff87b2aa000 	C:\Windows\SYSTEM32\VERSION.dll
0x00007ff8897d0000 - 0x00007ff889839000 	C:\Windows\system32\WS2_32.dll
0x00007ff888e90000 - 0x00007ff888e98000 	C:\Windows\system32\NSI.dll
0x0000000000630000 - 0x000000000065c000 	C:\Windows\SYSTEM32\WINMMBASE.dll
0x00007ff8884c0000 - 0x00007ff888504000 	C:\Windows\system32\cfgmgr32.dll
0x00007ff886470000 - 0x00007ff886497000 	C:\Windows\SYSTEM32\DEVOBJ.dll
0x0000000051010000 - 0x000000005101f000 	C:\Program Files\Java\jdk1.8.0_181\jre\bin\verify.dll
0x0000000050fe0000 - 0x0000000051009000 	C:\Program Files\Java\jdk1.8.0_181\jre\bin\java.dll
0x0000000050fc0000 - 0x0000000050fd6000 	C:\Program Files\Java\jdk1.8.0_181\jre\bin\zip.dll
0x00007ff8898a0000 - 0x00007ff88adc5000 	C:\Windows\system32\SHELL32.dll
0x00007ff887c00000 - 0x00007ff888228000 	C:\Windows\system32\windows.storage.dll
0x00007ff888a30000 - 0x00007ff888cac000 	C:\Windows\system32\combase.dll
0x00007ff8889a0000 - 0x00007ff8889f1000 	C:\Windows\system32\shlwapi.dll
0x00007ff887b50000 - 0x00007ff887b5f000 	C:\Windows\system32\kernel.appcore.dll
0x00007ff888400000 - 0x00007ff8884b3000 	C:\Windows\system32\shcore.dll
0x00007ff887b00000 - 0x00007ff887b4a000 	C:\Windows\system32\powrprof.dll
0x00007ff887b60000 - 0x00007ff887b73000 	C:\Windows\system32\profapi.dll
0x0000000000b50000 - 0x0000000000b53000 	C:\Program Files\Java\jdk1.8.0_181\jre\bin\api-ms-win-core-console-l1-1-0.dll
0x0000000002200000 - 0x0000000002203000 	C:\Program Files\Java\jdk1.8.0_181\jre\bin\api-ms-win-core-datetime-l1-1-0.dll
0x0000000002210000 - 0x0000000002213000 	C:\Program Files\Java\jdk1.8.0_181\jre\bin\api-ms-win-core-debug-l1-1-0.dll
0x0000000002220000 - 0x0000000002223000 	C:\Program Files\Java\jdk1.8.0_181\jre\bin\api-ms-win-core-errorhandling-l1-1-0.dll
0x0000000002230000 - 0x0000000002234000 	C:\Program Files\Java\jdk1.8.0_181\jre\bin\api-ms-win-core-file-l1-1-0.dll
0x0000000002240000 - 0x0000000002243000 	C:\Program Files\Java\jdk1.8.0_181\jre\bin\api-ms-win-core-file-l1-2-0.dll
0x0000000002250000 - 0x0000000002253000 	C:\Program Files\Java\jdk1.8.0_181\jre\bin\api-ms-win-core-file-l2-1-0.dll
0x0000000002260000 - 0x0000000002263000 	C:\Program Files\Java\jdk1.8.0_181\jre\bin\api-ms-win-core-handle-l1-1-0.dll
0x0000000002270000 - 0x0000000002273000 	C:\Program Files\Java\jdk1.8.0_181\jre\bin\api-ms-win-core-heap-l1-1-0.dll
0x0000000002390000 - 0x0000000002393000 	C:\Program Files\Java\jdk1.8.0_181\jre\bin\api-ms-win-core-interlocked-l1-1-0.dll
0x00000000023a0000 - 0x00000000023a3000 	C:\Program Files\Java\jdk1.8.0_181\jre\bin\api-ms-win-core-libraryloader-l1-1-0.dll
0x00000000023b0000 - 0x00000000023b3000 	C:\Program Files\Java\jdk1.8.0_181\jre\bin\api-ms-win-core-localization-l1-2-0.dll
0x00000000191f0000 - 0x00000000191f3000 	C:\Program Files\Java\jdk1.8.0_181\jre\bin\api-ms-win-core-memory-l1-1-0.dll
0x0000000019200000 - 0x0000000019203000 	C:\Program Files\Java\jdk1.8.0_181\jre\bin\api-ms-win-core-namedpipe-l1-1-0.dll
0x0000000019210000 - 0x0000000019213000 	C:\Program Files\Java\jdk1.8.0_181\jre\bin\api-ms-win-core-processenvironment-l1-1-0.dll
0x0000000019220000 - 0x0000000019223000 	C:\Program Files\Java\jdk1.8.0_181\jre\bin\api-ms-win-core-processthreads-l1-1-0.dll
0x0000000019230000 - 0x0000000019233000 	C:\Program Files\Java\jdk1.8.0_181\jre\bin\api-ms-win-core-processthreads-l1-1-1.dll
0x0000000019240000 - 0x0000000019243000 	C:\Program Files\Java\jdk1.8.0_181\jre\bin\api-ms-win-core-profile-l1-1-0.dll
0x0000000019250000 - 0x0000000019253000 	C:\Program Files\Java\jdk1.8.0_181\jre\bin\api-ms-win-core-rtlsupport-l1-1-0.dll
0x0000000019260000 - 0x0000000019263000 	C:\Program Files\Java\jdk1.8.0_181\jre\bin\api-ms-win-core-string-l1-1-0.dll
0x0000000019270000 - 0x0000000019273000 	C:\Program Files\Java\jdk1.8.0_181\jre\bin\api-ms-win-core-synch-l1-1-0.dll
0x0000000019280000 - 0x0000000019283000 	C:\Program Files\Java\jdk1.8.0_181\jre\bin\api-ms-win-core-synch-l1-2-0.dll
0x0000000019290000 - 0x0000000019293000 	C:\Program Files\Java\jdk1.8.0_181\jre\bin\api-ms-win-core-sysinfo-l1-1-0.dll
0x00000000192a0000 - 0x00000000192a3000 	C:\Program Files\Java\jdk1.8.0_181\jre\bin\api-ms-win-core-timezone-l1-1-0.dll
0x00000000192b0000 - 0x00000000192b3000 	C:\Program Files\Java\jdk1.8.0_181\jre\bin\api-ms-win-core-util-l1-1-0.dll
0x00000000192c0000 - 0x00000000192c3000 	C:\Program Files\Java\jdk1.8.0_181\jre\bin\api-ms-win-crt-conio-l1-1-0.dll
0x00000000192d0000 - 0x00000000192d4000 	C:\Program Files\Java\jdk1.8.0_181\jre\bin\api-ms-win-crt-convert-l1-1-0.dll
0x00000000192e0000 - 0x00000000192e3000 	C:\Program Files\Java\jdk1.8.0_181\jre\bin\api-ms-win-crt-environment-l1-1-0.dll
0x00000000192f0000 - 0x00000000192f3000 	C:\Program Files\Java\jdk1.8.0_181\jre\bin\api-ms-win-crt-filesystem-l1-1-0.dll
0x0000000019300000 - 0x0000000019303000 	C:\Program Files\Java\jdk1.8.0_181\jre\bin\api-ms-win-crt-heap-l1-1-0.dll
0x0000000019310000 - 0x0000000019313000 	C:\Program Files\Java\jdk1.8.0_181\jre\bin\api-ms-win-crt-locale-l1-1-0.dll
0x0000000019320000 - 0x0000000019325000 	C:\Program Files\Java\jdk1.8.0_181\jre\bin\api-ms-win-crt-math-l1-1-0.dll
0x0000000019330000 - 0x0000000019335000 	C:\Program Files\Java\jdk1.8.0_181\jre\bin\api-ms-win-crt-multibyte-l1-1-0.dll
0x0000000019340000 - 0x0000000019350000 	C:\Program Files\Java\jdk1.8.0_181\jre\bin\api-ms-win-crt-private-l1-1-0.dll
0x0000000019350000 - 0x0000000019353000 	C:\Program Files\Java\jdk1.8.0_181\jre\bin\api-ms-win-crt-process-l1-1-0.dll
0x0000000019360000 - 0x0000000019364000 	C:\Program Files\Java\jdk1.8.0_181\jre\bin\api-ms-win-crt-runtime-l1-1-0.dll
0x0000000019370000 - 0x0000000019374000 	C:\Program Files\Java\jdk1.8.0_181\jre\bin\api-ms-win-crt-stdio-l1-1-0.dll
0x0000000019380000 - 0x0000000019384000 	C:\Program Files\Java\jdk1.8.0_181\jre\bin\api-ms-win-crt-string-l1-1-0.dll
0x0000000019390000 - 0x0000000019393000 	C:\Program Files\Java\jdk1.8.0_181\jre\bin\api-ms-win-crt-time-l1-1-0.dll
0x00000000193a0000 - 0x00000000193a3000 	C:\Program Files\Java\jdk1.8.0_181\jre\bin\api-ms-win-crt-utility-l1-1-0.dll
0x00007ff86a0f0000 - 0x00007ff86a1e6000 	C:\Program Files\Java\jdk1.8.0_181\jre\bin\ucrtbase.dll
0x00007ff8825c0000 - 0x00007ff8825d6000 	C:\Program Files\Java\jdk1.8.0_181\jre\bin\vcruntime140.dll
0x00007ff87d770000 - 0x00007ff87d862000 	C:\Windows\SYSTEM32\ucrtbase.dll
0x00007ff86a3f0000 - 0x00007ff86a48c000 	C:\Program Files\Java\jdk1.8.0_181\jre\bin\msvcp140.dll
0x00007ff86e580000 - 0x00007ff86e5d1000 	C:\Program Files\Java\jdk1.8.0_181\jre\bin\concrt140.dll
0x0000000077f20000 - 0x0000000077f43000 	C:\Program Files\Java\jdk1.8.0_181\jre\bin\prism_d3d.dll
0x00007ff86ad60000 - 0x00007ff86af70000 	C:\Windows\system32\d3d9.dll
0x00007ff885810000 - 0x00007ff885832000 	C:\Windows\SYSTEM32\dwmapi.dll
0x00007ff8862f0000 - 0x00007ff886386000 	C:\Windows\system32\uxtheme.dll
0x00007ff854760000 - 0x00007ff855380000 	C:\Windows\SYSTEM32\igdumd64.dll
0x0000000077ed0000 - 0x0000000077f19000 	C:\Program Files\Java\jdk1.8.0_181\jre\bin\glass.dll
0x00007ff888860000 - 0x00007ff888938000 	C:\Windows\system32\COMDLG32.dll
0x00007ff889520000 - 0x00007ff889661000 	C:\Windows\system32\ole32.dll
0x00007ff8887a0000 - 0x00007ff88885e000 	C:\Windows\system32\OLEAUT32.dll
0x00007ff887920000 - 0x00007ff88798b000 	C:\Windows\SYSTEM32\bcryptPrimitives.dll
0x0000000077eb0000 - 0x0000000077ec4000 	C:\Program Files\Java\jdk1.8.0_181\jre\bin\javafx_font.dll
0x00007ff873e80000 - 0x00007ff8740d9000 	C:\Windows\SYSTEM32\dwrite.dll
0x00007ff8873d0000 - 0x00007ff8873e7000 	C:\Windows\SYSTEM32\CRYPTSP.dll
0x00007ff887a30000 - 0x00007ff887a58000 	C:\Windows\SYSTEM32\bcrypt.dll
0x00007ff887020000 - 0x00007ff887053000 	C:\Windows\system32\rsaenh.dll
0x00007ff8871c0000 - 0x00007ff8871df000 	C:\Windows\SYSTEM32\USERENV.dll
0x00007ff887540000 - 0x00007ff88754b000 	C:\Windows\SYSTEM32\CRYPTBASE.dll
0x0000000050fa0000 - 0x0000000050fba000 	C:\Program Files\Java\jdk1.8.0_181\jre\bin\net.dll
0x00007ff887370000 - 0x00007ff8873cd000 	C:\Windows\system32\mswsock.dll
0x00007ff8860c0000 - 0x00007ff8860f8000 	C:\Windows\SYSTEM32\IPHLPAPI.DLL
0x00007ff8860b0000 - 0x00007ff8860bb000 	C:\Windows\SYSTEM32\WINNSI.DLL
0x00007ff881900000 - 0x00007ff881916000 	C:\Windows\SYSTEM32\dhcpcsvc6.DLL
0x00007ff881580000 - 0x00007ff88159a000 	C:\Windows\SYSTEM32\dhcpcsvc.DLL
0x0000000050f80000 - 0x0000000050f91000 	C:\Program Files\Java\jdk1.8.0_181\jre\bin\nio.dll
0x0000000066e00000 - 0x0000000066f03000 	C:\Users\PROGRAMADOR\AppData\Local\Temp\sqlite-3.25.2-e76f0ed6-a548-46cd-898f-56f6d8d05e3c-sqlitejdbc.dll
0x00007ff8697a0000 - 0x00007ff86992a000 	C:\Windows\SYSTEM32\dbghelp.dll
0x00007ff88af80000 - 0x00007ff88b025000 	C:\Windows\system32\clbcatq.dll
0x00007ff883270000 - 0x00007ff883422000 	C:\Windows\SYSTEM32\WindowsCodecs.dll
0x00007ff882870000 - 0x00007ff8828b6000 	C:\Windows\system32\dataexchange.dll
0x00007ff8854d0000 - 0x00007ff885773000 	C:\Windows\system32\d3d11.dll
0x00007ff87e9e0000 - 0x00007ff87ef25000 	C:\Windows\system32\d2d1.dll
0x00007ff885860000 - 0x00007ff885931000 	C:\Windows\system32\dcomp.dll
0x00007ff885430000 - 0x00007ff8854cc000 	C:\Windows\system32\dxgi.dll
0x00007ff8864a0000 - 0x00007ff88658e000 	C:\Windows\system32\twinapi.appcore.dll
0x00007ff86f650000 - 0x00007ff86f684000 	C:\Program Files\Common Files\Microsoft Shared\Ink\rtscom.dll

VM Arguments:
jvm_args: -Dfile.encoding=UTF-8 
java_command: E:\HOSPEDAJE\dist\run1170871381\HOSPEDAJE.jar
java_class_path (initial): E:\HOSPEDAJE\dist\run1170871381\HOSPEDAJE.jar
Launcher Type: SUN_STANDARD

Environment Variables:
PATH=C:\Program Files (x86)\Common Files\Intel\Shared Files\cpp\bin\Intel64;C:\Program Files (x86)\Common Files\Oracle\Java\javapath;C:\Windows\system32;C:\Windows;C:\Windows\System32\Wbem;C:\Windows\System32\WindowsPowerShell\v1.0\;C:\Program Files (x86)\Microsoft SQL Server\100\Tools\Binn\;C:\Program Files\Microsoft SQL Server\100\Tools\Binn\;C:\Program Files\Microsoft SQL Server\100\DTS\Binn\;C:\Program Files (x86)\Microsoft SQL Server\90\Tools\binn\;C:\HashiCorp\Vagrant\bin;C:\Program Files\Oracle\VirtualBox;C:\Program Files\Git\cmd;C:\Program Files\Git\mingw64\bin;C:\Program Files\Git\usr\bin;C:\Program Files\nodejs\;;C:\Users\PROGRAMADOR\AppData\Local\Programs\Microsoft VS Code\bin;C:\Users\PROGRAMADOR\AppData\Roaming\npm
USERNAME=PROGRAMADOR
OS=Windows_NT
PROCESSOR_IDENTIFIER=Intel64 Family 6 Model 42 Stepping 7, GenuineIntel



---------------  S Y S T E M  ---------------

OS: Windows 10.0 , 64 bit Build 10240 (10.0.10240.16384)

CPU:total 4 (initial active 4) (2 cores per cpu, 2 threads per core) family 6 model 42 stepping 7, cmov, cx8, fxsr, mmx, sse, sse2, sse3, ssse3, sse4.1, sse4.2, popcnt, avx, aes, clmul, ht, tsc, tscinvbit

Memory: 4k page, physical 8335212k(3354136k free), swap 10301292k(3734840k free)

vm_info: Java HotSpot(TM) 64-Bit Server VM (25.181-b13) for windows-amd64 JRE (1.8.0_181-b13), built on Jul  7 2018 04:01:33 by "java_re" with MS VC++ 10.0 (VS2010)

time: Fri Jan 04 10:37:46 2019
elapsed time: 1 seconds (0d 0h 0m 1s)

