#
# A fatal error has been detected by the Java Runtime Environment:
#
#  EXCEPTION_ACCESS_VIOLATION (0xc0000005) at pc=0x0000000066e8d8cf, pid=7112, tid=0x0000000000001b18
#
# JRE version: Java(TM) SE Runtime Environment (8.0_181-b13) (build 1.8.0_181-b13)
# Java VM: Java HotSpot(TM) 64-Bit Server VM (25.181-b13 mixed mode windows-amd64 compressed oops)
# Problematic frame:
# C  [sqlite-3.25.2-9ad10600-76a3-4791-b020-48dec03b2035-sqlitejdbc.dll+0x8d8cf]
#
# Failed to write core dump. Minidumps are not enabled by default on client versions of Windows
#
# If you would like to submit a bug report, please visit:
#   http://bugreport.java.com/bugreport/crash.jsp
# The crash happened outside the Java Virtual Machine in native code.
# See problematic frame for where to report the bug.
#

---------------  T H R E A D  ---------------

Current thread (0x000000001c7e7000):  JavaThread "Thread-5" [_thread_in_native, id=6936, stack(0x000000001ead0000,0x000000001ebd0000)]

siginfo: ExceptionCode=0xc0000005, reading address 0x000000001cea0db8

Registers:
RAX=0x0000000066e027d0, RBX=0x000000001e985f90, RCX=0x000000001cea0db8, RDX=0x000000001ebcf040
RSP=0x000000001ebcee90, RBP=0x000000001cea0db8, RSI=0x0000000000000038, RDI=0x00000000d5cfd720
R8 =0x000000001cea0db8, R9 =0x000000001c41cf00, R10=0x0000000002bf97af, R11=0x000000005136c6a0
R12=0x0000000000000000, R13=0x000000001e985f90, R14=0x000000001ebcf040, R15=0x000000001c7e7000
RIP=0x0000000066e8d8cf, EFLAGS=0x0000000000010206

Top of Stack: (sp=0x000000001ebcee90)
0x000000001ebcee90:   0000000000000000 0000000000000000
0x000000001ebceea0:   0000000000000000 0000000100000000
0x000000001ebceeb0:   0000000016ec0520 000000001c7e7000
0x000000001ebceec0:   000000001ebcf040 000000001e985f90
0x000000001ebceed0:   0000000000000000 000000001ebcf010
0x000000001ebceee0:   000000001a38d558 000000001c7e7000
0x000000001ebceef0:   000000001ebcefc0 000000005137de1f
0x000000001ebcef00:   000000001c7e7000 000000001ebcf010
0x000000001ebcef10:   000000001c7e7000 000000001c7e7000
0x000000001ebcef20:   000000001ebcefc0 000000005137e49a
0x000000001ebcef30:   000000001c4b4a48 000000001e985f90
0x000000001ebcef40:   0000000000000038 00000000d5cfd720
0x000000001ebcef50:   000000001ebcf010 0000000000000000
0x000000001ebcef60:   000000001e985f90 000000001ebcf040
0x000000001ebcef70:   000000001c7e7000 0000000002bf97db
0x000000001ebcef80:   00000000d5cfd720 0000000002bf9542 

Instructions: (pc=0x0000000066e8d8cf)
0x0000000066e8d8af:   00 41 57 41 56 41 55 41 54 55 57 56 53 48 81 ec
0x0000000066e8d8bf:   a8 00 00 00 48 85 c9 48 89 cd 0f 84 d0 0d 00 00
0x0000000066e8d8cf:   4c 8b 39 4d 85 ff 0f 84 45 09 00 00 49 8b 4f 18
0x0000000066e8d8df:   48 85 c9 74 06 ff 15 06 b2 04 00 80 a5 c4 00 00 


Register to memory mapping:

RAX=0x0000000066e027d0 is an unknown value
RBX={method} {0x000000001e985f98} 'step' '(J)I' in 'org/sqlite/core/NativeDB'
RCX=0x000000001cea0db8 is an unknown value
RDX=0x000000001ebcf040 is pointing into the stack for thread: 0x000000001c7e7000
RSP=0x000000001ebcee90 is pointing into the stack for thread: 0x000000001c7e7000
RBP=0x000000001cea0db8 is an unknown value
RSI=0x0000000000000038 is an unknown value
RDI=0x00000000d5cfd720 is an oop

[error occurred during error reporting (printing register info), id 0xc0000005]

Stack: [0x000000001ead0000,0x000000001ebd0000],  sp=0x000000001ebcee90,  free space=1019k
Native frames: (J=compiled Java code, j=interpreted, Vv=VM code, C=native code)
C  [sqlite-3.25.2-9ad10600-76a3-4791-b020-48dec03b2035-sqlitejdbc.dll+0x8d8cf]
C  0x0000000002bf97db

Java frames: (J=compiled Java code, j=interpreted, Vv=VM code)
j  org.sqlite.core.NativeDB.step(J)I+0
j  org.sqlite.jdbc3.JDBC3ResultSet.next()Z+64
j  DAO.HabitacionDAO.getHabitaciones(Lclases/Conexion;)Ljava/util/ArrayList;+16
j  hospedaje.HabitacionesController$1.call()Ljava/util/List;+29
j  hospedaje.HabitacionesController$1.call()Ljava/lang/Object;+1
j  javafx.concurrent.Task$TaskCallable.call()Ljava/lang/Object;+26
j  java.util.concurrent.FutureTask.run()V+42
j  java.lang.Thread.run()V+11
v  ~StubRoutines::call_stub

---------------  P R O C E S S  ---------------

Java Threads: ( => current thread )
=>0x000000001c7e7000 JavaThread "Thread-5" [_thread_in_native, id=6936, stack(0x000000001ead0000,0x000000001ebd0000)]
  0x000000001c45c000 JavaThread "Prism Font Disposer" daemon [_thread_blocked, id=8600, stack(0x000000001e170000,0x000000001e270000)]
  0x000000001c25f800 JavaThread "Thread-3" daemon [_thread_in_native, id=3908, stack(0x000000001ca40000,0x000000001cb40000)]
  0x000000001c246800 JavaThread "JavaFX-Launcher" [_thread_blocked, id=7948, stack(0x000000001cb40000,0x000000001cc40000)]
  0x0000000019480800 JavaThread "JavaFX Application Thread" [_thread_in_vm, id=6684, stack(0x000000001a290000,0x000000001a390000)]
  0x0000000019475000 JavaThread "Thread-1" daemon [_thread_blocked, id=7788, stack(0x000000001a0d0000,0x000000001a1d0000)]
  0x0000000019457800 JavaThread "QuantumRenderer-0" daemon [_thread_blocked, id=8636, stack(0x0000000019b40000,0x0000000019c40000)]
  0x00000000177ee800 JavaThread "Service Thread" daemon [_thread_blocked, id=4368, stack(0x00000000194e0000,0x00000000195e0000)]
  0x0000000017793800 JavaThread "C1 CompilerThread2" daemon [_thread_blocked, id=4984, stack(0x0000000018fe0000,0x00000000190e0000)]
  0x000000001778e000 JavaThread "C2 CompilerThread1" daemon [_thread_blocked, id=2168, stack(0x0000000018ee0000,0x0000000018fe0000)]
  0x0000000017789800 JavaThread "C2 CompilerThread0" daemon [_thread_blocked, id=2288, stack(0x0000000018de0000,0x0000000018ee0000)]
  0x0000000017798800 JavaThread "Attach Listener" daemon [_thread_blocked, id=8044, stack(0x0000000018ce0000,0x0000000018de0000)]
  0x0000000017795800 JavaThread "Signal Dispatcher" daemon [_thread_blocked, id=3392, stack(0x0000000018be0000,0x0000000018ce0000)]
  0x0000000002bdb800 JavaThread "Finalizer" daemon [_thread_blocked, id=6584, stack(0x00000000189e0000,0x0000000018ae0000)]
  0x0000000002bd2000 JavaThread "Reference Handler" daemon [_thread_blocked, id=6420, stack(0x00000000188e0000,0x00000000189e0000)]
  0x000000000286e800 JavaThread "main" [_thread_blocked, id=5048, stack(0x00000000029e0000,0x0000000002ae0000)]

Other Threads:
  0x0000000017756800 VMThread [stack: 0x00000000187e0000,0x00000000188e0000] [id=6496]
  0x000000001912b000 WatcherThread [stack: 0x00000000196e0000,0x00000000197e0000] [id=1788]

VM state:not at safepoint (normal execution)

VM Mutex/Monitor currently owned by a thread: None

Heap:
 PSYoungGen      total 38400K, used 11235K [0x00000000d5980000, 0x00000000d8400000, 0x0000000100000000)
  eden space 33280K, 18% used [0x00000000d5980000,0x00000000d5f80f40,0x00000000d7a00000)
  from space 5120K, 99% used [0x00000000d7a00000,0x00000000d7ef8040,0x00000000d7f00000)
  to   space 5120K, 0% used [0x00000000d7f00000,0x00000000d7f00000,0x00000000d8400000)
 ParOldGen       total 87552K, used 440K [0x0000000080c00000, 0x0000000086180000, 0x00000000d5980000)
  object space 87552K, 0% used [0x0000000080c00000,0x0000000080c6e008,0x0000000086180000)
 Metaspace       used 16281K, capacity 16874K, committed 17024K, reserved 1064960K
  class space    used 2245K, capacity 2381K, committed 2432K, reserved 1048576K

Card table byte_map: [0x0000000011fa0000,0x00000000123a0000] byte_map_base: 0x0000000011b9a000

Marking Bits: (ParMarkBitMap*) 0x0000000051962d00
 Begin Bits: [0x0000000012a50000, 0x0000000014a20000)
 End Bits:   [0x0000000014a20000, 0x00000000169f0000)

Polling page: 0x0000000002830000

CodeCache: size=245760Kb used=4270Kb max_used=4270Kb free=241489Kb
 bounds [0x0000000002be0000, 0x0000000003010000, 0x0000000011be0000]
 total_blobs=1735 nmethods=1212 adapters=435
 compilation: enabled

Compilation events (10 events):
Event: 1.492 Thread 0x0000000017793800 1146       3       java.io.BufferedInputStream::getInIfOpen (21 bytes)
Event: 1.492 Thread 0x0000000017793800 nmethod 1146 0x0000000002fc9810 code [0x0000000002fc9980, 0x0000000002fc9bc8]
Event: 1.492 Thread 0x0000000017793800 1145       3       java.io.BufferedInputStream::fill (233 bytes)
Event: 1.493 Thread 0x0000000017793800 nmethod 1145 0x0000000002fe3710 code [0x0000000002fe3980, 0x0000000002fe4878]
Event: 1.559 Thread 0x0000000017793800 1147       3       java.util.concurrent.atomic.AtomicBoolean::get (13 bytes)
Event: 1.560 Thread 0x0000000017793800 nmethod 1147 0x0000000002fc93d0 code [0x0000000002fc9520, 0x0000000002fc96d0]
Event: 1.571 Thread 0x0000000017793800 1148       3       java.util.regex.Pattern::next (33 bytes)
Event: 1.572 Thread 0x0000000017793800 nmethod 1148 0x0000000002fe2f90 code [0x0000000002fe3100, 0x0000000002fe33c8]
Event: 1.574 Thread 0x0000000017793800 1149       3       java.nio.ByteBuffer::arrayOffset (35 bytes)
Event: 1.575 Thread 0x0000000017793800 nmethod 1149 0x0000000002fe2990 code [0x0000000002fe2b20, 0x0000000002fe2e38]

GC Heap History (2 events):
Event: 1.280 GC heap before
{Heap before GC invocations=1 (full 0):
 PSYoungGen      total 38400K, used 33280K [0x00000000d5980000, 0x00000000d8400000, 0x0000000100000000)
  eden space 33280K, 100% used [0x00000000d5980000,0x00000000d7a00000,0x00000000d7a00000)
  from space 5120K, 0% used [0x00000000d7f00000,0x00000000d7f00000,0x00000000d8400000)
  to   space 5120K, 0% used [0x00000000d7a00000,0x00000000d7a00000,0x00000000d7f00000)
 ParOldGen       total 87552K, used 0K [0x0000000080c00000, 0x0000000086180000, 0x00000000d5980000)
  object space 87552K, 0% used [0x0000000080c00000,0x0000000080c00000,0x0000000086180000)
 Metaspace       used 14047K, capacity 14640K, committed 14976K, reserved 1062912K
  class space    used 1920K, capacity 2074K, committed 2176K, reserved 1048576K
Event: 1.289 GC heap after
Heap after GC invocations=1 (full 0):
 PSYoungGen      total 38400K, used 5088K [0x00000000d5980000, 0x00000000d8400000, 0x0000000100000000)
  eden space 33280K, 0% used [0x00000000d5980000,0x00000000d5980000,0x00000000d7a00000)
  from space 5120K, 99% used [0x00000000d7a00000,0x00000000d7ef8040,0x00000000d7f00000)
  to   space 5120K, 0% used [0x00000000d7f00000,0x00000000d7f00000,0x00000000d8400000)
 ParOldGen       total 87552K, used 440K [0x0000000080c00000, 0x0000000086180000, 0x00000000d5980000)
  object space 87552K, 0% used [0x0000000080c00000,0x0000000080c6e008,0x0000000086180000)
 Metaspace       used 14047K, capacity 14640K, committed 14976K, reserved 1062912K
  class space    used 1920K, capacity 2074K, committed 2176K, reserved 1048576K
}

Deoptimization events (10 events):
Event: 0.662 Thread 0x0000000019480800 Uncommon trap: reason=unstable_if action=reinterpret pc=0x0000000002dcc840 method=java.lang.CharacterData.of(I)Ljava/lang/CharacterData; @ 4
Event: 0.769 Thread 0x0000000019480800 Uncommon trap: reason=unstable_if action=reinterpret pc=0x0000000002ea3bf8 method=java.lang.String.indexOf([CII[CIII)I @ 3
Event: 0.773 Thread 0x0000000019480800 Uncommon trap: reason=class_check action=maybe_recompile pc=0x0000000002ed96c0 method=java.util.HashMap.putVal(ILjava/lang/Object;Ljava/lang/Object;ZZ)Ljava/lang/Object; @ 253
Event: 0.773 Thread 0x0000000019480800 Uncommon trap: reason=class_check action=maybe_recompile pc=0x0000000002ed96c0 method=java.util.HashMap.putVal(ILjava/lang/Object;Ljava/lang/Object;ZZ)Ljava/lang/Object; @ 253
Event: 0.773 Thread 0x0000000019480800 Uncommon trap: reason=class_check action=maybe_recompile pc=0x0000000002ed96c0 method=java.util.HashMap.putVal(ILjava/lang/Object;Ljava/lang/Object;ZZ)Ljava/lang/Object; @ 253
Event: 0.773 Thread 0x0000000019480800 Uncommon trap: reason=class_check action=maybe_recompile pc=0x0000000002ed96c0 method=java.util.HashMap.putVal(ILjava/lang/Object;Ljava/lang/Object;ZZ)Ljava/lang/Object; @ 253
Event: 1.301 Thread 0x0000000019480800 Uncommon trap: reason=unstable_if action=reinterpret pc=0x0000000002ef41fc method=sun.net.www.ParseUtil.encodePath(Ljava/lang/String;Z)Ljava/lang/String; @ 109
Event: 1.311 Thread 0x0000000019480800 Uncommon trap: reason=unstable_if action=reinterpret pc=0x0000000002e42384 method=java.lang.AbstractStringBuilder.append(Ljava/lang/String;)Ljava/lang/AbstractStringBuilder; @ 1
Event: 1.360 Thread 0x0000000019480800 Uncommon trap: reason=unstable_if action=reinterpret pc=0x0000000002f843e8 method=java.lang.ref.SoftReference.get()Ljava/lang/Object; @ 17
Event: 1.502 Thread 0x0000000019480800 Uncommon trap: reason=unstable_if action=reinterpret pc=0x0000000002fe5644 method=org.sqlite.SQLiteJDBCLoader.contentsEquals(Ljava/io/InputStream;Ljava/io/InputStream;)Z @ 39

Classes redefined (0 events):
No events

Internal exceptions (10 events):
Event: 0.595 Thread 0x0000000019480800 Exception <a 'java/lang/ArrayIndexOutOfBoundsException'> (0x00000000d6bc5a08) thrown at [C:\re\workspace\8-2-build-windows-amd64-cygwin\jdk8u181\11358\hotspot\src\share\vm\runtime\sharedRuntime.cpp, line 605]
Event: 0.599 Thread 0x0000000019480800 Exception <a 'java/lang/ArrayIndexOutOfBoundsException'> (0x00000000d6bd0c20) thrown at [C:\re\workspace\8-2-build-windows-amd64-cygwin\jdk8u181\11358\hotspot\src\share\vm\runtime\sharedRuntime.cpp, line 605]
Event: 0.736 Thread 0x0000000019480800 Exception <a 'java/lang/ArrayIndexOutOfBoundsException'> (0x00000000d6fa3548) thrown at [C:\re\workspace\8-2-build-windows-amd64-cygwin\jdk8u181\11358\hotspot\src\share\vm\runtime\sharedRuntime.cpp, line 605]
Event: 1.077 Thread 0x0000000019480800 Exception <a 'java/lang/ArrayIndexOutOfBoundsException'> (0x00000000d728d150) thrown at [C:\re\workspace\8-2-build-windows-amd64-cygwin\jdk8u181\11358\hotspot\src\share\vm\runtime\sharedRuntime.cpp, line 605]
Event: 1.126 Thread 0x0000000019480800 Exception <a 'java/lang/ArrayIndexOutOfBoundsException'> (0x00000000d7400c90) thrown at [C:\re\workspace\8-2-build-windows-amd64-cygwin\jdk8u181\11358\hotspot\src\share\vm\runtime\sharedRuntime.cpp, line 605]
Event: 1.127 Thread 0x0000000019480800 Exception <a 'java/lang/ArrayIndexOutOfBoundsException'> (0x00000000d7401c90) thrown at [C:\re\workspace\8-2-build-windows-amd64-cygwin\jdk8u181\11358\hotspot\src\share\vm\runtime\sharedRuntime.cpp, line 605]
Event: 1.128 Thread 0x0000000019480800 Exception <a 'java/lang/ArrayIndexOutOfBoundsException'> (0x00000000d7403500) thrown at [C:\re\workspace\8-2-build-windows-amd64-cygwin\jdk8u181\11358\hotspot\src\share\vm\runtime\sharedRuntime.cpp, line 605]
Event: 1.189 Thread 0x0000000019480800 Exception <a 'java/lang/ArrayIndexOutOfBoundsException'> (0x00000000d75eff60) thrown at [C:\re\workspace\8-2-build-windows-amd64-cygwin\jdk8u181\11358\hotspot\src\share\vm\runtime\sharedRuntime.cpp, line 605]
Event: 1.192 Thread 0x0000000019480800 Exception <a 'java/lang/ArrayIndexOutOfBoundsException'> (0x00000000d7601250) thrown at [C:\re\workspace\8-2-build-windows-amd64-cygwin\jdk8u181\11358\hotspot\src\share\vm\runtime\sharedRuntime.cpp, line 605]
Event: 1.311 Thread 0x0000000019480800 Implicit null exception at 0x0000000002e41fd6 to 0x0000000002e4236d

Events (10 events):
Event: 1.571 loading class java/util/regex/Pattern$Dot
Event: 1.571 loading class java/util/regex/Pattern$Dot done
Event: 1.572 loading class java/util/regex/Pattern$SliceS
Event: 1.572 loading class java/util/regex/Pattern$SliceS done
Event: 1.572 loading class java/util/Hashtable$KeySet
Event: 1.572 loading class java/util/Hashtable$KeySet done
Event: 1.578 loading class model/Hotel
Event: 1.578 loading class model/Hotel done
Event: 1.580 loading class model/Habitacion
Event: 1.580 loading class model/Habitacion done


Dynamic libraries:
0x00007ff64e8a0000 - 0x00007ff64e8d7000 	C:\Program Files\Java\jdk1.8.0_181\jre\bin\java.exe
0x00007ff88b0d0000 - 0x00007ff88b292000 	C:\Windows\SYSTEM32\ntdll.dll
0x00007ff888cb0000 - 0x00007ff888d5d000 	C:\Windows\system32\KERNEL32.DLL
0x00007ff888510000 - 0x00007ff8886ed000 	C:\Windows\system32\KERNELBASE.dll
0x00007ff888ea0000 - 0x00007ff888f46000 	C:\Windows\system32\ADVAPI32.dll
0x00007ff88b030000 - 0x00007ff88b0cd000 	C:\Windows\system32\msvcrt.dll
0x00007ff888940000 - 0x00007ff88899b000 	C:\Windows\system32\sechost.dll
0x00007ff888d60000 - 0x00007ff888e86000 	C:\Windows\system32\RPCRT4.dll
0x00007ff888fa0000 - 0x00007ff8890ee000 	C:\Windows\system32\USER32.dll
0x00007ff8890f0000 - 0x00007ff889275000 	C:\Windows\system32\GDI32.dll
0x00007ff87ce60000 - 0x00007ff87d0d4000 	C:\Windows\WinSxS\amd64_microsoft.windows.common-controls_6595b64144ccf1df_6.0.10240.16384_none_f41f7b285750ef43\COMCTL32.dll
0x00007ff888f60000 - 0x00007ff888f96000 	C:\Windows\system32\IMM32.DLL
0x00007ff889670000 - 0x00007ff8897cc000 	C:\Windows\system32\MSCTF.dll
0x0000000051060000 - 0x0000000051132000 	C:\Program Files\Java\jdk1.8.0_181\jre\bin\msvcr100.dll
0x0000000051140000 - 0x00000000519e2000 	C:\Program Files\Java\jdk1.8.0_181\jre\bin\server\jvm.dll
0x00007ff888f50000 - 0x00007ff888f58000 	C:\Windows\system32\PSAPI.DLL
0x00007ff87b7a0000 - 0x00007ff87b7c3000 	C:\Windows\SYSTEM32\WINMM.dll
0x00007ff87b2a0000 - 0x00007ff87b2aa000 	C:\Windows\SYSTEM32\VERSION.dll
0x00007ff87cdc0000 - 0x00007ff87cdc9000 	C:\Windows\SYSTEM32\WSOCK32.dll
0x00007ff87b770000 - 0x00007ff87b79c000 	C:\Windows\SYSTEM32\WINMMBASE.dll
0x00007ff8897d0000 - 0x00007ff889839000 	C:\Windows\system32\WS2_32.dll
0x00007ff888e90000 - 0x00007ff888e98000 	C:\Windows\system32\NSI.dll
0x00007ff8884c0000 - 0x00007ff888504000 	C:\Windows\system32\cfgmgr32.dll
0x00007ff886470000 - 0x00007ff886497000 	C:\Windows\SYSTEM32\DEVOBJ.dll
0x0000000051010000 - 0x000000005101f000 	C:\Program Files\Java\jdk1.8.0_181\jre\bin\verify.dll
0x0000000050fe0000 - 0x0000000051009000 	C:\Program Files\Java\jdk1.8.0_181\jre\bin\java.dll
0x0000000050fc0000 - 0x0000000050fd6000 	C:\Program Files\Java\jdk1.8.0_181\jre\bin\zip.dll
0x00007ff8898a0000 - 0x00007ff88adc5000 	C:\Windows\system32\SHELL32.dll
0x00007ff887c00000 - 0x00007ff888228000 	C:\Windows\system32\windows.storage.dll
0x00007ff888a30000 - 0x00007ff888cac000 	C:\Windows\system32\combase.dll
0x00007ff8889a0000 - 0x00007ff8889f1000 	C:\Windows\system32\shlwapi.dll
0x00007ff887b50000 - 0x00007ff887b5f000 	C:\Windows\system32\kernel.appcore.dll
0x00007ff888400000 - 0x00007ff8884b3000 	C:\Windows\system32\shcore.dll
0x00007ff887b00000 - 0x00007ff887b4a000 	C:\Windows\system32\powrprof.dll
0x00007ff887b60000 - 0x00007ff887b73000 	C:\Windows\system32\profapi.dll
0x00000000028b0000 - 0x00000000028b3000 	C:\Program Files\Java\jdk1.8.0_181\jre\bin\api-ms-win-core-console-l1-1-0.dll
0x00000000028c0000 - 0x00000000028c3000 	C:\Program Files\Java\jdk1.8.0_181\jre\bin\api-ms-win-core-datetime-l1-1-0.dll
0x00000000197e0000 - 0x00000000197e3000 	C:\Program Files\Java\jdk1.8.0_181\jre\bin\api-ms-win-core-debug-l1-1-0.dll
0x00000000197f0000 - 0x00000000197f3000 	C:\Program Files\Java\jdk1.8.0_181\jre\bin\api-ms-win-core-errorhandling-l1-1-0.dll
0x0000000019800000 - 0x0000000019804000 	C:\Program Files\Java\jdk1.8.0_181\jre\bin\api-ms-win-core-file-l1-1-0.dll
0x0000000019810000 - 0x0000000019813000 	C:\Program Files\Java\jdk1.8.0_181\jre\bin\api-ms-win-core-file-l1-2-0.dll
0x0000000019820000 - 0x0000000019823000 	C:\Program Files\Java\jdk1.8.0_181\jre\bin\api-ms-win-core-file-l2-1-0.dll
0x0000000019830000 - 0x0000000019833000 	C:\Program Files\Java\jdk1.8.0_181\jre\bin\api-ms-win-core-handle-l1-1-0.dll
0x0000000019840000 - 0x0000000019843000 	C:\Program Files\Java\jdk1.8.0_181\jre\bin\api-ms-win-core-heap-l1-1-0.dll
0x0000000019850000 - 0x0000000019853000 	C:\Program Files\Java\jdk1.8.0_181\jre\bin\api-ms-win-core-interlocked-l1-1-0.dll
0x0000000019860000 - 0x0000000019863000 	C:\Program Files\Java\jdk1.8.0_181\jre\bin\api-ms-win-core-libraryloader-l1-1-0.dll
0x0000000019870000 - 0x0000000019873000 	C:\Program Files\Java\jdk1.8.0_181\jre\bin\api-ms-win-core-localization-l1-2-0.dll
0x0000000019880000 - 0x0000000019883000 	C:\Program Files\Java\jdk1.8.0_181\jre\bin\api-ms-win-core-memory-l1-1-0.dll
0x0000000019890000 - 0x0000000019893000 	C:\Program Files\Java\jdk1.8.0_181\jre\bin\api-ms-win-core-namedpipe-l1-1-0.dll
0x00000000198a0000 - 0x00000000198a3000 	C:\Program Files\Java\jdk1.8.0_181\jre\bin\api-ms-win-core-processenvironment-l1-1-0.dll
0x00000000198b0000 - 0x00000000198b3000 	C:\Program Files\Java\jdk1.8.0_181\jre\bin\api-ms-win-core-processthreads-l1-1-0.dll
0x00000000198c0000 - 0x00000000198c3000 	C:\Program Files\Java\jdk1.8.0_181\jre\bin\api-ms-win-core-processthreads-l1-1-1.dll
0x00000000198d0000 - 0x00000000198d3000 	C:\Program Files\Java\jdk1.8.0_181\jre\bin\api-ms-win-core-profile-l1-1-0.dll
0x00000000198e0000 - 0x00000000198e3000 	C:\Program Files\Java\jdk1.8.0_181\jre\bin\api-ms-win-core-rtlsupport-l1-1-0.dll
0x00000000198f0000 - 0x00000000198f3000 	C:\Program Files\Java\jdk1.8.0_181\jre\bin\api-ms-win-core-string-l1-1-0.dll
0x0000000019900000 - 0x0000000019903000 	C:\Program Files\Java\jdk1.8.0_181\jre\bin\api-ms-win-core-synch-l1-1-0.dll
0x0000000019910000 - 0x0000000019913000 	C:\Program Files\Java\jdk1.8.0_181\jre\bin\api-ms-win-core-synch-l1-2-0.dll
0x0000000019920000 - 0x0000000019923000 	C:\Program Files\Java\jdk1.8.0_181\jre\bin\api-ms-win-core-sysinfo-l1-1-0.dll
0x0000000019930000 - 0x0000000019933000 	C:\Program Files\Java\jdk1.8.0_181\jre\bin\api-ms-win-core-timezone-l1-1-0.dll
0x0000000019940000 - 0x0000000019943000 	C:\Program Files\Java\jdk1.8.0_181\jre\bin\api-ms-win-core-util-l1-1-0.dll
0x0000000019950000 - 0x0000000019953000 	C:\Program Files\Java\jdk1.8.0_181\jre\bin\api-ms-win-crt-conio-l1-1-0.dll
0x0000000019960000 - 0x0000000019964000 	C:\Program Files\Java\jdk1.8.0_181\jre\bin\api-ms-win-crt-convert-l1-1-0.dll
0x0000000019970000 - 0x0000000019973000 	C:\Program Files\Java\jdk1.8.0_181\jre\bin\api-ms-win-crt-environment-l1-1-0.dll
0x0000000019980000 - 0x0000000019983000 	C:\Program Files\Java\jdk1.8.0_181\jre\bin\api-ms-win-crt-filesystem-l1-1-0.dll
0x0000000019990000 - 0x0000000019993000 	C:\Program Files\Java\jdk1.8.0_181\jre\bin\api-ms-win-crt-heap-l1-1-0.dll
0x00000000199a0000 - 0x00000000199a3000 	C:\Program Files\Java\jdk1.8.0_181\jre\bin\api-ms-win-crt-locale-l1-1-0.dll
0x00000000199b0000 - 0x00000000199b5000 	C:\Program Files\Java\jdk1.8.0_181\jre\bin\api-ms-win-crt-math-l1-1-0.dll
0x00000000199c0000 - 0x00000000199c5000 	C:\Program Files\Java\jdk1.8.0_181\jre\bin\api-ms-win-crt-multibyte-l1-1-0.dll
0x00000000199d0000 - 0x00000000199e0000 	C:\Program Files\Java\jdk1.8.0_181\jre\bin\api-ms-win-crt-private-l1-1-0.dll
0x00000000199e0000 - 0x00000000199e3000 	C:\Program Files\Java\jdk1.8.0_181\jre\bin\api-ms-win-crt-process-l1-1-0.dll
0x00000000199f0000 - 0x00000000199f4000 	C:\Program Files\Java\jdk1.8.0_181\jre\bin\api-ms-win-crt-runtime-l1-1-0.dll
0x0000000019a00000 - 0x0000000019a04000 	C:\Program Files\Java\jdk1.8.0_181\jre\bin\api-ms-win-crt-stdio-l1-1-0.dll
0x0000000019a10000 - 0x0000000019a14000 	C:\Program Files\Java\jdk1.8.0_181\jre\bin\api-ms-win-crt-string-l1-1-0.dll
0x0000000019a20000 - 0x0000000019a23000 	C:\Program Files\Java\jdk1.8.0_181\jre\bin\api-ms-win-crt-time-l1-1-0.dll
0x0000000019a30000 - 0x0000000019a33000 	C:\Program Files\Java\jdk1.8.0_181\jre\bin\api-ms-win-crt-utility-l1-1-0.dll
0x00007ff86a0f0000 - 0x00007ff86a1e6000 	C:\Program Files\Java\jdk1.8.0_181\jre\bin\ucrtbase.dll
0x00007ff8825c0000 - 0x00007ff8825d6000 	C:\Program Files\Java\jdk1.8.0_181\jre\bin\vcruntime140.dll
0x00007ff87d770000 - 0x00007ff87d862000 	C:\Windows\SYSTEM32\ucrtbase.dll
0x00007ff86a3f0000 - 0x00007ff86a48c000 	C:\Program Files\Java\jdk1.8.0_181\jre\bin\msvcp140.dll
0x00007ff86e580000 - 0x00007ff86e5d1000 	C:\Program Files\Java\jdk1.8.0_181\jre\bin\concrt140.dll
0x0000000077f20000 - 0x0000000077f43000 	C:\Program Files\Java\jdk1.8.0_181\jre\bin\prism_d3d.dll
0x00007ff86ad60000 - 0x00007ff86af70000 	C:\Windows\system32\d3d9.dll
0x00007ff885810000 - 0x00007ff885832000 	C:\Windows\SYSTEM32\dwmapi.dll
0x00007ff8862f0000 - 0x00007ff886386000 	C:\Windows\system32\uxtheme.dll
0x00007ff854760000 - 0x00007ff855380000 	C:\Windows\SYSTEM32\igdumd64.dll
0x0000000077ed0000 - 0x0000000077f19000 	C:\Program Files\Java\jdk1.8.0_181\jre\bin\glass.dll
0x00007ff888860000 - 0x00007ff888938000 	C:\Windows\system32\COMDLG32.dll
0x00007ff889520000 - 0x00007ff889661000 	C:\Windows\system32\ole32.dll
0x00007ff8887a0000 - 0x00007ff88885e000 	C:\Windows\system32\OLEAUT32.dll
0x00007ff887920000 - 0x00007ff88798b000 	C:\Windows\SYSTEM32\bcryptPrimitives.dll
0x0000000077eb0000 - 0x0000000077ec4000 	C:\Program Files\Java\jdk1.8.0_181\jre\bin\javafx_font.dll
0x00007ff873e80000 - 0x00007ff8740d9000 	C:\Windows\SYSTEM32\dwrite.dll
0x00007ff8873d0000 - 0x00007ff8873e7000 	C:\Windows\SYSTEM32\CRYPTSP.dll
0x00007ff887a30000 - 0x00007ff887a58000 	C:\Windows\SYSTEM32\bcrypt.dll
0x00007ff887020000 - 0x00007ff887053000 	C:\Windows\system32\rsaenh.dll
0x00007ff8871c0000 - 0x00007ff8871df000 	C:\Windows\SYSTEM32\USERENV.dll
0x00007ff887540000 - 0x00007ff88754b000 	C:\Windows\SYSTEM32\CRYPTBASE.dll
0x0000000050fa0000 - 0x0000000050fba000 	C:\Program Files\Java\jdk1.8.0_181\jre\bin\net.dll
0x00007ff887370000 - 0x00007ff8873cd000 	C:\Windows\system32\mswsock.dll
0x00007ff8860c0000 - 0x00007ff8860f8000 	C:\Windows\SYSTEM32\IPHLPAPI.DLL
0x00007ff8860b0000 - 0x00007ff8860bb000 	C:\Windows\SYSTEM32\WINNSI.DLL
0x00007ff881900000 - 0x00007ff881916000 	C:\Windows\SYSTEM32\dhcpcsvc6.DLL
0x00007ff881580000 - 0x00007ff88159a000 	C:\Windows\SYSTEM32\dhcpcsvc.DLL
0x0000000050f80000 - 0x0000000050f91000 	C:\Program Files\Java\jdk1.8.0_181\jre\bin\nio.dll
0x0000000066e00000 - 0x0000000066f03000 	C:\Users\PROGRAMADOR\AppData\Local\Temp\sqlite-3.25.2-9ad10600-76a3-4791-b020-48dec03b2035-sqlitejdbc.dll
0x00007ff8697a0000 - 0x00007ff86992a000 	C:\Windows\SYSTEM32\dbghelp.dll

VM Arguments:
jvm_args: -Dfile.encoding=UTF-8 
java_command: E:\HOSPEDAJE\dist\run1072115281\HOSPEDAJE.jar
java_class_path (initial): E:\HOSPEDAJE\dist\run1072115281\HOSPEDAJE.jar
Launcher Type: SUN_STANDARD

Environment Variables:
PATH=C:\Program Files (x86)\Common Files\Intel\Shared Files\cpp\bin\Intel64;C:\Program Files (x86)\Common Files\Oracle\Java\javapath;C:\Windows\system32;C:\Windows;C:\Windows\System32\Wbem;C:\Windows\System32\WindowsPowerShell\v1.0\;C:\Program Files (x86)\Microsoft SQL Server\100\Tools\Binn\;C:\Program Files\Microsoft SQL Server\100\Tools\Binn\;C:\Program Files\Microsoft SQL Server\100\DTS\Binn\;C:\Program Files (x86)\Microsoft SQL Server\90\Tools\binn\;C:\HashiCorp\Vagrant\bin;C:\Program Files\Oracle\VirtualBox;C:\Program Files\Git\cmd;C:\Program Files\Git\mingw64\bin;C:\Program Files\Git\usr\bin;C:\Program Files\nodejs\;;C:\Users\PROGRAMADOR\AppData\Local\Programs\Microsoft VS Code\bin;C:\Users\PROGRAMADOR\AppData\Roaming\npm
USERNAME=PROGRAMADOR
OS=Windows_NT
PROCESSOR_IDENTIFIER=Intel64 Family 6 Model 42 Stepping 7, GenuineIntel



---------------  S Y S T E M  ---------------

OS: Windows 10.0 , 64 bit Build 10240 (10.0.10240.16384)

CPU:total 4 (initial active 4) (2 cores per cpu, 2 threads per core) family 6 model 42 stepping 7, cmov, cx8, fxsr, mmx, sse, sse2, sse3, ssse3, sse4.1, sse4.2, popcnt, avx, aes, clmul, ht, tsc, tscinvbit

Memory: 4k page, physical 8335212k(3353952k free), swap 10301292k(3733124k free)

vm_info: Java HotSpot(TM) 64-Bit Server VM (25.181-b13) for windows-amd64 JRE (1.8.0_181-b13), built on Jul  7 2018 04:01:33 by "java_re" with MS VC++ 10.0 (VS2010)

time: Fri Jan 04 10:37:53 2019
elapsed time: 1 seconds (0d 0h 0m 1s)

